<?xml version="1.0" encoding="UTF-8"?>
<testsuite xmlns:xsi="http://www.w3.org/2001/XMLSchema-instance" xsi:noNamespaceSchemaLocation="https://maven.apache.org/surefire/maven-surefire-plugin/xsd/surefire-test-report-3.0.xsd" version="3.0" name="cucumberoptions.TestNgTestRunner" time="0.666" tests="1" errors="0" skipped="0" failures="1">
  <properties>
[...]
</properties>
  <testcase name="runScenario[&quot;Search experience for product search in both home and offer page&quot;, &quot;Search and place the order for products&quot;](1)" classname="cucumberoptions.TestNgTestRunner" time="0.056">
    <failure message="Duplicate step definitions in stepDefination.LandingPageStepDefination.user_searched_with_short_name_something_and_extracted_actual_name_of_product(java.lang.String) and stepDefination.OfferPageStepDefination2.user_searched_with_short_name_something_and_extracted_actual_name_of_product(java.lang.String)" type="io.cucumber.core.runner.DuplicateStepDefinitionException"><![CDATA[io.cucumber.core.runner.DuplicateStepDefinitionException: Duplicate step definitions in stepDefination.LandingPageStepDefination.user_searched_with_short_name_something_and_extracted_actual_name_of_product(java.lang.String) and stepDefination.OfferPageStepDefination2.user_searched_with_short_name_something_and_extracted_actual_name_of_product(java.lang.String)
]]></failure>
    <system-err><![CDATA[SLF4J: Failed to load class "org.slf4j.impl.StaticLoggerBinder".
SLF4J: Defaulting to no-operation (NOP) logger implementation
SLF4J: See http://www.slf4j.org/codes.html#StaticLoggerBinder for further details.
]]></system-err>
  </testcase>
</testsuite>