<?xml version="1.0" encoding="UTF-8"?>
<testng-results ignored="0" total="3" passed="3" failed="0" skipped="0">
  <reporter-output>
  </reporter-output>
  <suite started-at="2022-12-24T20:46:59 IST" name="Surefire suite" finished-at="2022-12-24T20:47:16 IST" duration-ms="17493">
    <groups>
      <group name="cucumber">
        <method signature="AbstractTestNGCucumberTests.runScenario(io.cucumber.testng.PickleWrapper,io.cucumber.testng.FeatureWrapper)[pri:0, instance:cucumberoptions.TestNgTestRunner@6f96c77]" name="runScenario" class="io.cucumber.testng.AbstractTestNGCucumberTests"/>
        <method signature="AbstractTestNGCucumberTests.runScenario(io.cucumber.testng.PickleWrapper,io.cucumber.testng.FeatureWrapper)[pri:0, instance:cucumberoptions.TestNgfailedTestRunner@1d119efb]" name="runScenario" class="io.cucumber.testng.AbstractTestNGCucumberTests"/>
      </group> <!-- cucumber -->
    </groups>
    <test started-at="2022-12-24T20:46:59 IST" name="Surefire test" finished-at="2022-12-24T20:47:16 IST" duration-ms="17493">
      <class name="cucumberoptions.TestNgfailedTestRunner">
        <test-method is-config="true" signature="setUpClass(org.testng.ITestContext)[pri:0, instance:cucumberoptions.TestNgfailedTestRunner@1d119efb]" started-at="2022-12-24T20:46:59 IST" name="setUpClass" finished-at="2022-12-24T20:47:00 IST" duration-ms="887" status="PASS">
          <params>
            <param index="0">
              <value>
                <![CDATA[org.testng.TestRunner@6fc3e1a4]]>
              </value>
            </param>
          </params>
          <reporter-output>
          </reporter-output>
        </test-method> <!-- setUpClass -->
        <test-method is-config="true" signature="tearDownClass()[pri:0, instance:cucumberoptions.TestNgfailedTestRunner@1d119efb]" started-at="2022-12-24T20:47:00 IST" name="tearDownClass" finished-at="2022-12-24T20:47:00 IST" duration-ms="312" status="PASS">
          <reporter-output>
          </reporter-output>
        </test-method> <!-- tearDownClass -->
      </class> <!-- cucumberoptions.TestNgfailedTestRunner -->
      <class name="cucumberoptions.TestNgTestRunner">
        <test-method is-config="true" signature="setUpClass(org.testng.ITestContext)[pri:0, instance:cucumberoptions.TestNgTestRunner@6f96c77]" started-at="2022-12-24T20:47:00 IST" name="setUpClass" finished-at="2022-12-24T20:47:00 IST" duration-ms="166" status="PASS">
          <params>
            <param index="0">
              <value>
                <![CDATA[org.testng.TestRunner@6fc3e1a4]]>
              </value>
            </param>
          </params>
          <reporter-output>
          </reporter-output>
        </test-method> <!-- setUpClass -->
        <test-method signature="runScenario(io.cucumber.testng.PickleWrapper,io.cucumber.testng.FeatureWrapper)[pri:0, instance:cucumberoptions.TestNgTestRunner@6f96c77]" started-at="2022-12-24T20:47:00 IST" name="runScenario" description="Runs Cucumber Scenarios" data-provider="scenarios" finished-at="2022-12-24T20:47:15 IST" duration-ms="14856" status="PASS">
          <params>
            <param index="0">
              <value>
                <![CDATA["Search experience for product search in both home and offer page"]]>
              </value>
            </param>
            <param index="1">
              <value>
                <![CDATA["Search and place the order for products"]]>
              </value>
            </param>
          </params>
          <reporter-output>
          </reporter-output>
        </test-method> <!-- runScenario -->
        <test-method signature="runScenario(io.cucumber.testng.PickleWrapper,io.cucumber.testng.FeatureWrapper)[pri:0, instance:cucumberoptions.TestNgTestRunner@6f96c77]" started-at="2022-12-24T20:47:00 IST" name="runScenario" description="Runs Cucumber Scenarios" data-provider="scenarios" finished-at="2022-12-24T20:47:16 IST" duration-ms="15928" status="PASS">
          <params>
            <param index="0">
              <value>
                <![CDATA["Search experience for product search in both home and offer page"]]>
              </value>
            </param>
            <param index="1">
              <value>
                <![CDATA["Search and place the order for products"]]>
              </value>
            </param>
          </params>
          <reporter-output>
          </reporter-output>
        </test-method> <!-- runScenario -->
        <test-method signature="runScenario(io.cucumber.testng.PickleWrapper,io.cucumber.testng.FeatureWrapper)[pri:0, instance:cucumberoptions.TestNgTestRunner@6f96c77]" started-at="2022-12-24T20:47:00 IST" name="runScenario" description="Runs Cucumber Scenarios" data-provider="scenarios" finished-at="2022-12-24T20:47:16 IST" duration-ms="15960" status="PASS">
          <params>
            <param index="0">
              <value>
                <![CDATA["Search experience for product search in both home and offer page"]]>
              </value>
            </param>
            <param index="1">
              <value>
                <![CDATA["Search and place the order for products"]]>
              </value>
            </param>
          </params>
          <reporter-output>
          </reporter-output>
        </test-method> <!-- runScenario -->
        <test-method is-config="true" signature="tearDownClass()[pri:0, instance:cucumberoptions.TestNgTestRunner@6f96c77]" started-at="2022-12-24T20:47:16 IST" name="tearDownClass" finished-at="2022-12-24T20:47:16 IST" duration-ms="109" status="PASS">
          <reporter-output>
          </reporter-output>
        </test-method> <!-- tearDownClass -->
      </class> <!-- cucumberoptions.TestNgTestRunner -->
    </test> <!-- Surefire test -->
  </suite> <!-- Surefire suite -->
</testng-results>
